<?xml version="1.0" encoding="UTF-8"?>
<!-- Generated by org.testng.reporters.JUnitReportReporter -->
<testsuite hostname="LAPTOP-PDPJ901H" failures="0" tests="1" name="com.mitigram.testFiles.CareersTest" time="7.170" errors="0" timestamp="2021-06-20T23:27:29 IST" skipped="0">
  <testcase classname="com.mitigram.testFiles.CareersTest" name="tc01VerifyThePresenceOfCareerBtnInHomePage" time="7.170"/>
  <system-out/>
</testsuite> <!-- com.mitigram.testFiles.CareersTest -->
