<?xml version="1.0" encoding="UTF-8"?>
<!-- Generated by org.testng.reporters.JUnitReportReporter -->
<testsuite hostname="LAPTOP-PDPJ901H" failures="0" tests="7" name="testFiles.LoginTest" time="9.101" errors="0" timestamp="2021-06-20T21:10:21 IST" skipped="0">
  <testcase classname="testFiles.LoginTest" name="clickLoginHome" time="6.323"/>
  <system-out/>
  <testcase classname="testFiles.LoginTest" name="verifyLoginPage" time="0.182"/>
  <system-out/>
  <testcase classname="testFiles.LoginTest" name="verifyInvalidLogin" time="0.584"/>
  <system-out/>
  <testcase classname="testFiles.LoginTest" name="verifyBlankLogin" time="0.495"/>
  <system-out/>
  <testcase classname="testFiles.LoginTest" name="verifyInvalidLoginWithoutPassword" time="0.542"/>
  <system-out/>
  <testcase classname="testFiles.LoginTest" name="verifyInvalidLoginWithoutEmail" time="0.450"/>
  <system-out/>
  <testcase classname="testFiles.LoginTest" name="verifyInvalidEmailFormat" time="0.525"/>
  <system-out/>
</testsuite> <!-- testFiles.LoginTest -->
