<?xml version="1.0" encoding="UTF-8"?>
<!-- Generated by org.testng.reporters.JUnitReportReporter -->
<testsuite hostname="LAPTOP-PDPJ901H" failures="0" tests="1" name="testFiles.CareersTest" time="0.200" errors="0" timestamp="2021-06-20T21:10:21 IST" skipped="0">
  <testcase classname="testFiles.CareersTest" name="clickCareers" time="0.200"/>
  <system-out/>
</testsuite> <!-- testFiles.CareersTest -->
