<?xml version="1.0" encoding="UTF-8"?>
<!-- Generated by org.testng.reporters.JUnitReportReporter -->
<testsuite hostname="LAPTOP-PDPJ901H" failures="0" tests="8" name="com.mitigram.testFiles.LoginTest" time="9.556" errors="0" timestamp="2021-06-21T15:26:05 IST" skipped="0">
  <testcase classname="com.mitigram.testFiles.LoginTest" name="tc01VerifyThePresenceOfLoginBtnInHomePage" time="5.271"/>
  <system-out/>
  <testcase classname="com.mitigram.testFiles.LoginTest" name="tc02VerifyThePresenceOfLoginPageFields" time="0.204"/>
  <system-out/>
  <testcase classname="com.mitigram.testFiles.LoginTest" name="tc04VerifyLoginErrorWhenNoCredentialsProvided" time="0.479"/>
  <system-out/>
  <testcase classname="com.mitigram.testFiles.LoginTest" name="tc03VerifyInvalidLogin" time="0.709"/>
  <system-out/>
  <testcase classname="com.mitigram.testFiles.LoginTest" name="tc05VerifyInvalidLoginWithoutPassword" time="0.566"/>
  <system-out/>
  <testcase classname="com.mitigram.testFiles.LoginTest" name="tc06VerifyInvalidLoginWithoutEmail" time="0.480"/>
  <system-out/>
  <testcase classname="com.mitigram.testFiles.LoginTest" name="tc07VerifyInvalidEmailFormat" time="0.624"/>
  <system-out/>
  <testcase classname="com.mitigram.testFiles.LoginTest" name="tc01VerifyThePresenceOfCareerBtnInHomePage" time="1.223"/>
  <system-out/>
</testsuite> <!-- com.mitigram.testFiles.LoginTest -->
